<?xml version="1.0" encoding="UTF-8"?>
<testng-results ignored="0" total="1" passed="0" failed="1" skipped="0">
  <reporter-output>
    <line>
      <![CDATA[Set Usrname in textfield]]>
    </line>
    <line>
      <![CDATA[Set password in textfield]]>
    </line>
    <line>
      <![CDATA[Click On Login button]]>
    </line>
    <line>
      <![CDATA[Click On Accounts link]]>
    </line>
    <line>
      <![CDATA[Click On New Accounts]]>
    </line>
    <line>
      <![CDATA[Click On Person Account]]>
    </line>
    <line>
      <![CDATA[Click On Next button]]>
    </line>
    <line>
      <![CDATA[Click On Salutation List ]]>
    </line>
    <line>
      <![CDATA[Click on Salutation's chevron-down || value : Mr]]>
    </line>
    <line>
      <![CDATA[Set first name Into the textField || value : Auto]]>
    </line>
    <line>
      <![CDATA[Set last name into textfield || value : Test]]>
    </line>
    <line>
      <![CDATA[Set Mobile number into textfield || value : 9849997477]]>
    </line>
    <line>
      <![CDATA[Click on save button]]>
    </line>
    <line>
      <![CDATA[Click on Create enquiry button]]>
    </line>
    <line>
      <![CDATA[Set supplier name into textfield]]>
    </line>
    <line>
      <![CDATA[Click on Supplier Name Option  || value : AASTHA AUTO CONSULTANT # PUNE - MBO (LAXMI MOTORS)]]>
    </line>
    <line>
      <![CDATA[Click On Shared with]]>
    </line>
    <line>
      <![CDATA[Click on SahredWith options]]>
    </line>
    <line>
      <![CDATA[Select SubBusiness Vertical DropDown]]>
    </line>
    <line>
      <![CDATA[Click On GetOTP]]>
    </line>
    <line>
      <![CDATA[Click On ConsentForm]]>
    </line>
    <line>
      <![CDATA[Select Buisness model DropDown]]>
    </line>
    <line>
      <![CDATA[Scroll Down And Click On EMI]]>
    </line>
    <line>
      <![CDATA[Click On save and Continue]]>
    </line>
    <line>
      <![CDATA[Scroll Up, Wait and Select IDproof dropdown]]>
    </line>
    <line>
      <![CDATA[Set ID proof Expiry Date into textField]]>
    </line>
    <line>
      <![CDATA[Set ID proof reference number]]>
    </line>
    <line>
      <![CDATA[click on Upload Document file]]>
    </line>
    <line>
      <![CDATA[Scroll on upload files]]>
    </line>
    <line>
      <![CDATA[Scroll Down, Wait and Select DOB]]>
    </line>
    <line>
      <![CDATA[set DOB into textfield]]>
    </line>
    <line>
      <![CDATA[set SDHO First Name into textfield]]>
    </line>
    <line>
      <![CDATA[set SDHO First Name into textfield]]>
    </line>
    <line>
      <![CDATA[set SDHO First Name into textfield]]>
    </line>
    <line>
      <![CDATA[Set credit card number into textfield]]>
    </line>
    <line>
      <![CDATA[Click On Credit Card bank Textfield]]>
    </line>
    <line>
      <![CDATA[choose credit card bank from the dropdown]]>
    </line>
    <line>
      <![CDATA[Click On Marital status]]>
    </line>
    <line>
      <![CDATA[choose marital status from the dropdown]]>
    </line>
    <line>
      <![CDATA[click on Demographic details link]]>
    </line>
    <line>
      <![CDATA[Select SubBusiness Vertical DropDown]]>
    </line>
    <line>
      <![CDATA[Set Address proof reference number]]>
    </line>
    <line>
      <![CDATA[Click On OKYC status]]>
    </line>
    <line>
      <![CDATA[choose Residence status from the dropdown]]>
    </line>
    <line>
      <![CDATA[click on Upload Document file]]>
    </line>
    <line>
      <![CDATA[set presentAddress  into textfield]]>
    </line>
    <line>
      <![CDATA[set presentAddress2  into textfield]]>
    </line>
    <line>
      <![CDATA[set LandMark into textfield]]>
    </line>
    <line>
      <![CDATA[set Pincode into textfield]]>
    </line>
    <line>
      <![CDATA[Scroll Down till residence status textfield]]>
    </line>
    <line>
      <![CDATA[Click on the distance]]>
    </line>
    <line>
      <![CDATA[choose Residence status from the dropdown]]>
    </line>
    <line>
      <![CDATA[Scroll Down till residence status textfield]]>
    </line>
    <line>
      <![CDATA[Click On Residence status]]>
    </line>
    <line>
      <![CDATA[choose Residence status from the dropdown]]>
    </line>
    <line>
      <![CDATA[Set residing into textfield]]>
    </line>
    <line>
      <![CDATA[Click On Property status]]>
    </line>
    <line>
      <![CDATA[choose Residence status from the dropdown]]>
    </line>
    <line>
      <![CDATA[select same as permenent]]>
    </line>
    <line>
      <![CDATA[Click on button save and continue]]>
    </line>
    <line>
      <![CDATA[Click On Primary Employment Textfield]]>
    </line>
    <line>
      <![CDATA[choose Primary employment option from the list]]>
    </line>
    <line>
      <![CDATA[Click On Type of Employment Textfield]]>
    </line>
    <line>
      <![CDATA[choose Type of employment option from the list]]>
    </line>
    <line>
      <![CDATA[Click On Primary Employment Textfield]]>
    </line>
    <line>
      <![CDATA[click on company name textfield]]>
    </line>
    <line>
      <![CDATA[Set Working Period in textfield]]>
    </line>
    <line>
      <![CDATA[click on save and continue button]]>
    </line>
    <line>
      <![CDATA[Set model in textfield]]>
    </line>
  </reporter-output>
  <suite started-at="2022-08-03T16:37:26 IST" name="Default suite" finished-at="2022-08-03T16:44:48 IST" duration-ms="442046">
    <groups>
      <group name="P1">
        <method signature="TestCase.TCID_01()[pri:1, instance:com.script.TestCase@33065d67]" name="TCID_01" class="com.script.TestCase"/>
      </group> <!-- P1 -->
    </groups>
    <test started-at="2022-08-03T16:37:26 IST" name="Default test" finished-at="2022-08-03T16:44:48 IST" duration-ms="442046">
      <class name="com.script.TestCase">
        <test-method is-config="true" signature="initialization()[pri:0, instance:com.script.TestCase@33065d67]" started-at="2022-08-03T16:37:26 IST" name="initialization" finished-at="2022-08-03T16:37:44 IST" duration-ms="18556" status="PASS">
          <reporter-output>
            <line>
              <![CDATA[Set Usrname in textfield]]>
            </line>
            <line>
              <![CDATA[Set password in textfield]]>
            </line>
            <line>
              <![CDATA[Click On Login button]]>
            </line>
          </reporter-output>
        </test-method> <!-- initialization -->
        <test-method signature="TCID_01()[pri:1, instance:com.script.TestCase@33065d67]" started-at="2022-08-03T16:37:44 IST" name="TCID_01" finished-at="2022-08-03T16:44:48 IST" duration-ms="423445" status="FAIL">
          <exception class="java.lang.AssertionError">
            <message>
              <![CDATA[expected [true] but found [false]]]>
            </message>
            <full-stacktrace>
              <![CDATA[java.lang.AssertionError: expected [true] but found [false]
at org.testng.Assert.fail(Assert.java:110)
at org.testng.Assert.failNotEquals(Assert.java:1413)
at org.testng.Assert.assertTrue(Assert.java:56)
at org.testng.Assert.assertTrue(Assert.java:66)
at com.utilities.CommonFunctions.generateLog(CommonFunctions.java:182)
at com.pages.CreateEnquiryPage.setModel(CreateEnquiryPage.java:546)
at com.views.CreateEnquiryView.loanDetails(CreateEnquiryView.java:90)
at com.script.TestCase.TCID_01(TestCase.java:49)
at java.base/jdk.internal.reflect.NativeMethodAccessorImpl.invoke0(Native Method)
at java.base/jdk.internal.reflect.NativeMethodAccessorImpl.invoke(NativeMethodAccessorImpl.java:77)
at java.base/jdk.internal.reflect.DelegatingMethodAccessorImpl.invoke(DelegatingMethodAccessorImpl.java:43)
at java.base/java.lang.reflect.Method.invoke(Method.java:568)
at org.testng.internal.invokers.MethodInvocationHelper.invokeMethod(MethodInvocationHelper.java:135)
at org.testng.internal.invokers.TestInvoker.invokeMethod(TestInvoker.java:673)
at org.testng.internal.invokers.TestInvoker.invokeTestMethod(TestInvoker.java:220)
at org.testng.internal.invokers.MethodRunner.runInSequence(MethodRunner.java:50)
at org.testng.internal.invokers.TestInvoker$MethodInvocationAgent.invoke(TestInvoker.java:945)
at org.testng.internal.invokers.TestInvoker.invokeTestMethods(TestInvoker.java:193)
at org.testng.internal.invokers.TestMethodWorker.invokeTestMethods(TestMethodWorker.java:146)
at org.testng.internal.invokers.TestMethodWorker.run(TestMethodWorker.java:128)
at java.base/java.util.ArrayList.forEach(ArrayList.java:1511)
at org.testng.TestRunner.privateRun(TestRunner.java:808)
at org.testng.TestRunner.run(TestRunner.java:603)
at org.testng.SuiteRunner.runTest(SuiteRunner.java:429)
at org.testng.SuiteRunner.runSequentially(SuiteRunner.java:423)
at org.testng.SuiteRunner.privateRun(SuiteRunner.java:383)
at org.testng.SuiteRunner.run(SuiteRunner.java:326)
at org.testng.SuiteRunnerWorker.runSuite(SuiteRunnerWorker.java:52)
at org.testng.SuiteRunnerWorker.run(SuiteRunnerWorker.java:95)
at org.testng.TestNG.runSuitesSequentially(TestNG.java:1249)
at org.testng.TestNG.runSuitesLocally(TestNG.java:1169)
at org.testng.TestNG.runSuites(TestNG.java:1092)
at org.testng.TestNG.run(TestNG.java:1060)
at org.testng.remote.AbstractRemoteTestNG.run(AbstractRemoteTestNG.java:115)
at org.testng.remote.RemoteTestNG.initAndRun(RemoteTestNG.java:251)
at org.testng.remote.RemoteTestNG.main(RemoteTestNG.java:77)
]]>
            </full-stacktrace>
          </exception> <!-- java.lang.AssertionError -->
          <reporter-output>
            <line>
              <![CDATA[Click On Accounts link]]>
            </line>
            <line>
              <![CDATA[Click On New Accounts]]>
            </line>
            <line>
              <![CDATA[Click On Person Account]]>
            </line>
            <line>
              <![CDATA[Click On Next button]]>
            </line>
            <line>
              <![CDATA[Click On Salutation List ]]>
            </line>
            <line>
              <![CDATA[Click on Salutation's chevron-down || value : Mr]]>
            </line>
            <line>
              <![CDATA[Set first name Into the textField || value : Auto]]>
            </line>
            <line>
              <![CDATA[Set last name into textfield || value : Test]]>
            </line>
            <line>
              <![CDATA[Set Mobile number into textfield || value : 9849997477]]>
            </line>
            <line>
              <![CDATA[Click on save button]]>
            </line>
            <line>
              <![CDATA[Click on Create enquiry button]]>
            </line>
            <line>
              <![CDATA[Set supplier name into textfield]]>
            </line>
            <line>
              <![CDATA[Click on Supplier Name Option  || value : AASTHA AUTO CONSULTANT # PUNE - MBO (LAXMI MOTORS)]]>
            </line>
            <line>
              <![CDATA[Click On Shared with]]>
            </line>
            <line>
              <![CDATA[Click on SahredWith options]]>
            </line>
            <line>
              <![CDATA[Select SubBusiness Vertical DropDown]]>
            </line>
            <line>
              <![CDATA[Click On GetOTP]]>
            </line>
            <line>
              <![CDATA[Click On ConsentForm]]>
            </line>
            <line>
              <![CDATA[Select Buisness model DropDown]]>
            </line>
            <line>
              <![CDATA[Scroll Down And Click On EMI]]>
            </line>
            <line>
              <![CDATA[Click On save and Continue]]>
            </line>
            <line>
              <![CDATA[Scroll Up, Wait and Select IDproof dropdown]]>
            </line>
            <line>
              <![CDATA[Set ID proof Expiry Date into textField]]>
            </line>
            <line>
              <![CDATA[Set ID proof reference number]]>
            </line>
            <line>
              <![CDATA[click on Upload Document file]]>
            </line>
            <line>
              <![CDATA[Scroll on upload files]]>
            </line>
            <line>
              <![CDATA[Scroll Down, Wait and Select DOB]]>
            </line>
            <line>
              <![CDATA[set DOB into textfield]]>
            </line>
            <line>
              <![CDATA[set SDHO First Name into textfield]]>
            </line>
            <line>
              <![CDATA[set SDHO First Name into textfield]]>
            </line>
            <line>
              <![CDATA[set SDHO First Name into textfield]]>
            </line>
            <line>
              <![CDATA[Set credit card number into textfield]]>
            </line>
            <line>
              <![CDATA[Click On Credit Card bank Textfield]]>
            </line>
            <line>
              <![CDATA[choose credit card bank from the dropdown]]>
            </line>
            <line>
              <![CDATA[Click On Marital status]]>
            </line>
            <line>
              <![CDATA[choose marital status from the dropdown]]>
            </line>
            <line>
              <![CDATA[click on Demographic details link]]>
            </line>
            <line>
              <![CDATA[Select SubBusiness Vertical DropDown]]>
            </line>
            <line>
              <![CDATA[Set Address proof reference number]]>
            </line>
            <line>
              <![CDATA[Click On OKYC status]]>
            </line>
            <line>
              <![CDATA[choose Residence status from the dropdown]]>
            </line>
            <line>
              <![CDATA[click on Upload Document file]]>
            </line>
            <line>
              <![CDATA[set presentAddress  into textfield]]>
            </line>
            <line>
              <![CDATA[set presentAddress2  into textfield]]>
            </line>
            <line>
              <![CDATA[set LandMark into textfield]]>
            </line>
            <line>
              <![CDATA[set Pincode into textfield]]>
            </line>
            <line>
              <![CDATA[Scroll Down till residence status textfield]]>
            </line>
            <line>
              <![CDATA[Click on the distance]]>
            </line>
            <line>
              <![CDATA[choose Residence status from the dropdown]]>
            </line>
            <line>
              <![CDATA[Scroll Down till residence status textfield]]>
            </line>
            <line>
              <![CDATA[Click On Residence status]]>
            </line>
            <line>
              <![CDATA[choose Residence status from the dropdown]]>
            </line>
            <line>
              <![CDATA[Set residing into textfield]]>
            </line>
            <line>
              <![CDATA[Click On Property status]]>
            </line>
            <line>
              <![CDATA[choose Residence status from the dropdown]]>
            </line>
            <line>
              <![CDATA[select same as permenent]]>
            </line>
            <line>
              <![CDATA[Click on button save and continue]]>
            </line>
            <line>
              <![CDATA[Click On Primary Employment Textfield]]>
            </line>
            <line>
              <![CDATA[choose Primary employment option from the list]]>
            </line>
            <line>
              <![CDATA[Click On Type of Employment Textfield]]>
            </line>
            <line>
              <![CDATA[choose Type of employment option from the list]]>
            </line>
            <line>
              <![CDATA[Click On Primary Employment Textfield]]>
            </line>
            <line>
              <![CDATA[click on company name textfield]]>
            </line>
            <line>
              <![CDATA[Set Working Period in textfield]]>
            </line>
            <line>
              <![CDATA[click on save and continue button]]>
            </line>
            <line>
              <![CDATA[Set model in textfield]]>
            </line>
          </reporter-output>
        </test-method> <!-- TCID_01 -->
      </class> <!-- com.script.TestCase -->
    </test> <!-- Default test -->
  </suite> <!-- Default suite -->
</testng-results>
